<?xml version="1.0" encoding="UTF-8"?>
<!-- Generated by org.testng.reporters.JUnitReportReporter -->
<testsuite hostname="ZeeshanAhmed" failures="0" tests="2" name="cicdtestngdockerpackage.TestingCICD" time="18.636" errors="0" timestamp="2022-03-15T22:23:42 PKT" skipped="0">
  <testcase classname="cicdtestngdockerpackage.TestingCICD" name="Test1" time="7.146"/>
  <system-out/>
  <testcase classname="cicdtestngdockerpackage.TestingCICD" name="Test2" time="11.490"/>
  <system-out/>
</testsuite> <!-- cicdtestngdockerpackage.TestingCICD -->
