<?xml version="1.0" encoding="UTF-8"?>
<!-- Generated by org.testng.reporters.JUnitReportReporter -->
<testsuite hostname="ZeeshanAhmed" failures="0" tests="2" name="cicdtestngdockerpackage.TestingCICD" time="15.011" errors="0" timestamp="2022-05-15T19:21:25 PKT" skipped="0">
  <testcase classname="cicdtestngdockerpackage.TestingCICD" name="Test1" time="5.597"/>
  <system-out/>
  <testcase classname="cicdtestngdockerpackage.TestingCICD" name="Test2" time="9.414"/>
  <system-out/>
</testsuite> <!-- cicdtestngdockerpackage.TestingCICD -->
